<?xml version="1.0" encoding="UTF-8"?>
<testng-results ignored="0" total="1" passed="1" failed="0" skipped="0">
  <reporter-output>
  </reporter-output>
  <suite started-at="2021-11-18T18:36:36 IST" name="Default suite" finished-at="2021-11-18T18:36:44 IST" duration-ms="7820">
    <groups>
    </groups>
    <test started-at="2021-11-18T18:36:36 IST" name="Default test" finished-at="2021-11-18T18:36:44 IST" duration-ms="7820">
      <class name="division.TC_1">
        <test-method is-config="true" signature="setup()[pri:0, instance:division.TC_1@37d4349f]" started-at="2021-11-18T18:36:36 IST" name="setup" finished-at="2021-11-18T18:36:36 IST" duration-ms="11" status="PASS">
          <reporter-output>
          </reporter-output>
        </test-method> <!-- setup -->
        <test-method signature="f()[pri:0, instance:division.TC_1@37d4349f]" started-at="2021-11-18T18:36:36 IST" name="f" finished-at="2021-11-18T18:36:44 IST" duration-ms="7784" status="PASS">
          <reporter-output>
          </reporter-output>
        </test-method> <!-- f -->
      </class> <!-- division.TC_1 -->
    </test> <!-- Default test -->
  </suite> <!-- Default suite -->
</testng-results>
